聊天应用HTTPS服务器已启动
访问地址: https://localhost:8443/
手机访问: https://0.0.0.0:8443/
IPv4访问: https://169.254.113.167:8443/
WebSocket服务: wss://localhost:8443/

=========================================
语音视频功能使用说明：
1. 直接打开HTML文件（推荐）：
   - 在文件管理器中找到 chat.html
   - 双击打开，语音视频功能完全可用

2. 通过HTTPS访问：
   - 浏览器会提示证书不安全，点击"高级"然后"继续访问"
   - 语音视频功能完全可用

3. HTTP访问（不推荐）：
   - 浏览器可能阻止访问摄像头和麦克风
   - 如需使用，请尝试在浏览器设置中允许不安全内容的媒体访问

=========================================
网络聊天功能已启用：
- 用户可以实时查看在线用户列表
- 通过用户ID连接到真实用户
- 实时发送和接收文本、图片、视频、文件和语音消息
=========================================
新的WebSocket连接已建立
^C